app/build/intermediates/manifest_merge_blame_file/debug/manifest-merger-blame-debug-report.txt
1<?xml version="1.0" encoding="utf-8"?>
2<manifest xmlns:android="http://schemas.android.com/apk/res/android"
3    package="com.ssl.smarttaskreminder"
4    android:versionCode="1"
5    android:versionName="2.0" >
6
7    <uses-sdk
8        android:minSdkVersion="26"
9        android:targetSdkVersion="34" />
10
11    <!-- Permissions -->
12    <uses-permission android:name="android.permission.INTERNET" />
12-->src\main\AndroidManifest.xml:6:5-67
12-->src\main\AndroidManifest.xml:6:22-64
13    <uses-permission android:name="android.permission.RECEIVE_BOOT_COMPLETED" />
13-->src\main\AndroidManifest.xml:7:5-81
13-->src\main\AndroidManifest.xml:7:22-78
14    <uses-permission android:name="android.permission.SCHEDULE_EXACT_ALARM" />
14-->src\main\AndroidManifest.xml:8:5-79
14-->src\main\AndroidManifest.xml:8:22-76
15    <uses-permission android:name="android.permission.USE_EXACT_ALARM" />
15-->src\main\AndroidManifest.xml:9:5-74
15-->src\main\AndroidManifest.xml:9:22-71
16    <uses-permission android:name="android.permission.POST_NOTIFICATIONS" />
16-->src\main\AndroidManifest.xml:10:5-77
16-->src\main\AndroidManifest.xml:10:22-74
17    <uses-permission android:name="android.permission.VIBRATE" />
17-->src\main\AndroidManifest.xml:11:5-66
17-->src\main\AndroidManifest.xml:11:22-63
18    <uses-permission android:name="android.permission.WAKE_LOCK" />
18-->src\main\AndroidManifest.xml:12:5-68
18-->src\main\AndroidManifest.xml:12:22-65
19    <uses-permission android:name="android.permission.ACCESS_NETWORK_STATE" /> <!-- Required by older versions of Google Play services to create IID tokens -->
19-->[com.google.firebase:firebase-auth:22.3.1] AndroidManifest.xml:26:5-79
19-->[com.google.firebase:firebase-auth:22.3.1] AndroidManifest.xml:26:22-76
20    <uses-permission android:name="com.google.android.c2dm.permission.RECEIVE" />
20-->[com.google.firebase:firebase-messaging:23.4.1] AndroidManifest.xml:26:5-82
20-->[com.google.firebase:firebase-messaging:23.4.1] AndroidManifest.xml:26:22-79
21    <uses-permission android:name="android.permission.FOREGROUND_SERVICE" />
21-->[androidx.work:work-runtime:2.9.0] AndroidManifest.xml:26:5-77
21-->[androidx.work:work-runtime:2.9.0] AndroidManifest.xml:26:22-74
22
23    <permission
23-->[androidx.core:core:1.12.0] AndroidManifest.xml:22:5-24:47
24        android:name="com.ssl.smarttaskreminder.DYNAMIC_RECEIVER_NOT_EXPORTED_PERMISSION"
24-->[androidx.core:core:1.12.0] AndroidManifest.xml:23:9-81
25        android:protectionLevel="signature" />
25-->[androidx.core:core:1.12.0] AndroidManifest.xml:24:9-44
26
27    <uses-permission android:name="com.ssl.smarttaskreminder.DYNAMIC_RECEIVER_NOT_EXPORTED_PERMISSION" />
27-->[androidx.core:core:1.12.0] AndroidManifest.xml:26:5-97
27-->[androidx.core:core:1.12.0] AndroidManifest.xml:26:22-94
28    <uses-permission android:name="com.google.android.providers.gsf.permission.READ_GSERVICES" />
28-->[com.google.android.recaptcha:recaptcha:18.4.0] AndroidManifest.xml:9:5-98
28-->[com.google.android.recaptcha:recaptcha:18.4.0] AndroidManifest.xml:9:22-95
29
30    <application
30-->src\main\AndroidManifest.xml:14:5-156:19
31        android:name="com.ssl.smarttaskreminder.SmartTaskApp"
31-->src\main\AndroidManifest.xml:15:9-37
32        android:allowBackup="true"
32-->src\main\AndroidManifest.xml:16:9-35
33        android:appComponentFactory="androidx.core.app.CoreComponentFactory"
33-->[androidx.core:core:1.12.0] AndroidManifest.xml:28:18-86
34        android:dataExtractionRules="@xml/data_extraction_rules"
34-->src\main\AndroidManifest.xml:17:9-65
35        android:debuggable="true"
36        android:extractNativeLibs="false"
37        android:fullBackupContent="@xml/backup_rules"
37-->src\main\AndroidManifest.xml:18:9-54
38        android:icon="@drawable/ic_app_logo"
38-->src\main\AndroidManifest.xml:19:9-45
39        android:label="@string/app_name"
39-->src\main\AndroidManifest.xml:20:9-41
40        android:roundIcon="@drawable/ic_app_logo"
40-->src\main\AndroidManifest.xml:21:9-50
41        android:supportsRtl="true"
41-->src\main\AndroidManifest.xml:22:9-35
42        android:theme="@style/Theme.SmartTaskReminder" >
42-->src\main\AndroidManifest.xml:23:9-55
43
44        <!-- === SPLASH === -->
45        <activity
45-->src\main\AndroidManifest.xml:27:9-36:20
46            android:name="com.ssl.smarttaskreminder.ui.auth.SplashActivity"
46-->src\main\AndroidManifest.xml:28:13-51
47            android:exported="true"
47-->src\main\AndroidManifest.xml:29:13-36
48            android:screenOrientation="portrait"
48-->src\main\AndroidManifest.xml:31:13-49
49            android:theme="@style/Theme.SmartTaskReminder.Splash" >
49-->src\main\AndroidManifest.xml:30:13-66
50            <intent-filter>
50-->src\main\AndroidManifest.xml:32:13-35:29
51                <action android:name="android.intent.action.MAIN" />
51-->src\main\AndroidManifest.xml:33:17-69
51-->src\main\AndroidManifest.xml:33:25-66
52
53                <category android:name="android.intent.category.LAUNCHER" />
53-->src\main\AndroidManifest.xml:34:17-77
53-->src\main\AndroidManifest.xml:34:27-74
54            </intent-filter>
55        </activity>
56
57        <!-- === AUTH === -->
58        <activity
58-->src\main\AndroidManifest.xml:39:9-42:52
59            android:name="com.ssl.smarttaskreminder.ui.auth.LoginActivity"
59-->src\main\AndroidManifest.xml:40:13-50
60            android:exported="false"
60-->src\main\AndroidManifest.xml:41:13-37
61            android:screenOrientation="portrait" />
61-->src\main\AndroidManifest.xml:42:13-49
62
63        <!-- === SUPER ADMIN === -->
64        <activity
64-->src\main\AndroidManifest.xml:45:9-48:52
65            android:name="com.ssl.smarttaskreminder.ui.superadmin.SuperAdminDashboardActivity"
65-->src\main\AndroidManifest.xml:46:13-70
66            android:exported="false"
66-->src\main\AndroidManifest.xml:47:13-37
67            android:screenOrientation="portrait" />
67-->src\main\AndroidManifest.xml:48:13-49
68        <activity
68-->src\main\AndroidManifest.xml:49:9-52:52
69            android:name="com.ssl.smarttaskreminder.ui.superadmin.AddCompanyActivity"
69-->src\main\AndroidManifest.xml:50:13-61
70            android:exported="false"
70-->src\main\AndroidManifest.xml:51:13-37
71            android:screenOrientation="portrait" />
71-->src\main\AndroidManifest.xml:52:13-49
72        <activity
72-->src\main\AndroidManifest.xml:53:9-56:52
73            android:name="com.ssl.smarttaskreminder.ui.superadmin.CompanyDetailActivity"
73-->src\main\AndroidManifest.xml:54:13-64
74            android:exported="false"
74-->src\main\AndroidManifest.xml:55:13-37
75            android:screenOrientation="portrait" />
75-->src\main\AndroidManifest.xml:56:13-49
76        <activity
76-->src\main\AndroidManifest.xml:57:9-60:52
77            android:name="com.ssl.smarttaskreminder.ui.superadmin.AddAdminActivity"
77-->src\main\AndroidManifest.xml:58:13-59
78            android:exported="false"
78-->src\main\AndroidManifest.xml:59:13-37
79            android:screenOrientation="portrait" />
79-->src\main\AndroidManifest.xml:60:13-49
80        <activity
80-->src\main\AndroidManifest.xml:61:9-64:52
81            android:name="com.ssl.smarttaskreminder.ui.superadmin.AdminListActivity"
81-->src\main\AndroidManifest.xml:62:13-60
82            android:exported="false"
82-->src\main\AndroidManifest.xml:63:13-37
83            android:screenOrientation="portrait" />
83-->src\main\AndroidManifest.xml:64:13-49
84
85        <!-- === ADMIN === -->
86        <activity
86-->src\main\AndroidManifest.xml:67:9-70:52
87            android:name="com.ssl.smarttaskreminder.ui.admin.AdminDashboardActivity"
87-->src\main\AndroidManifest.xml:68:13-60
88            android:exported="false"
88-->src\main\AndroidManifest.xml:69:13-37
89            android:screenOrientation="portrait" />
89-->src\main\AndroidManifest.xml:70:13-49
90        <activity
90-->src\main\AndroidManifest.xml:71:9-74:52
91            android:name="com.ssl.smarttaskreminder.ui.admin.ManagerListActivity"
91-->src\main\AndroidManifest.xml:72:13-57
92            android:exported="false"
92-->src\main\AndroidManifest.xml:73:13-37
93            android:screenOrientation="portrait" />
93-->src\main\AndroidManifest.xml:74:13-49
94        <activity
94-->src\main\AndroidManifest.xml:75:9-78:52
95            android:name="com.ssl.smarttaskreminder.ui.admin.AddEditManagerActivity"
95-->src\main\AndroidManifest.xml:76:13-60
96            android:exported="false"
96-->src\main\AndroidManifest.xml:77:13-37
97            android:screenOrientation="portrait" />
97-->src\main\AndroidManifest.xml:78:13-49
98        <activity
98-->src\main\AndroidManifest.xml:79:9-82:52
99            android:name="com.ssl.smarttaskreminder.ui.admin.UserListActivity"
99-->src\main\AndroidManifest.xml:80:13-54
100            android:exported="false"
100-->src\main\AndroidManifest.xml:81:13-37
101            android:screenOrientation="portrait" />
101-->src\main\AndroidManifest.xml:82:13-49
102        <activity
102-->src\main\AndroidManifest.xml:83:9-86:52
103            android:name="com.ssl.smarttaskreminder.ui.admin.AddEditUserActivity"
103-->src\main\AndroidManifest.xml:84:13-57
104            android:exported="false"
104-->src\main\AndroidManifest.xml:85:13-37
105            android:screenOrientation="portrait" />
105-->src\main\AndroidManifest.xml:86:13-49
106        <activity
106-->src\main\AndroidManifest.xml:87:9-90:52
107            android:name="com.ssl.smarttaskreminder.ui.admin.AdminAnalyticsActivity"
107-->src\main\AndroidManifest.xml:88:13-60
108            android:exported="false"
108-->src\main\AndroidManifest.xml:89:13-37
109            android:screenOrientation="portrait" />
109-->src\main\AndroidManifest.xml:90:13-49
110
111        <!-- === MANAGER === -->
112        <activity
112-->src\main\AndroidManifest.xml:93:9-96:52
113            android:name="com.ssl.smarttaskreminder.ui.manager.ManagerDashboardActivity"
113-->src\main\AndroidManifest.xml:94:13-64
114            android:exported="false"
114-->src\main\AndroidManifest.xml:95:13-37
115            android:screenOrientation="portrait" />
115-->src\main\AndroidManifest.xml:96:13-49
116        <activity
116-->src\main\AndroidManifest.xml:97:9-100:52
117            android:name="com.ssl.smarttaskreminder.ui.manager.TeamUserListActivity"
117-->src\main\AndroidManifest.xml:98:13-60
118            android:exported="false"
118-->src\main\AndroidManifest.xml:99:13-37
119            android:screenOrientation="portrait" />
119-->src\main\AndroidManifest.xml:100:13-49
120        <activity
120-->src\main\AndroidManifest.xml:101:9-104:52
121            android:name="com.ssl.smarttaskreminder.ui.manager.ManagerTaskListActivity"
121-->src\main\AndroidManifest.xml:102:13-63
122            android:exported="false"
122-->src\main\AndroidManifest.xml:103:13-37
123            android:screenOrientation="portrait" />
123-->src\main\AndroidManifest.xml:104:13-49
124
125        <!-- === USER === -->
126        <activity
126-->src\main\AndroidManifest.xml:107:9-110:52
127            android:name="com.ssl.smarttaskreminder.ui.user.UserDashboardActivity"
127-->src\main\AndroidManifest.xml:108:13-58
128            android:exported="false"
128-->src\main\AndroidManifest.xml:109:13-37
129            android:screenOrientation="portrait" />
129-->src\main\AndroidManifest.xml:110:13-49
130
131        <!-- === TASK (Shared) === -->
132        <activity
132-->src\main\AndroidManifest.xml:113:9-116:52
133            android:name="com.ssl.smarttaskreminder.ui.task.TaskListActivity"
133-->src\main\AndroidManifest.xml:114:13-53
134            android:exported="false"
134-->src\main\AndroidManifest.xml:115:13-37
135            android:screenOrientation="portrait" />
135-->src\main\AndroidManifest.xml:116:13-49
136        <activity
136-->src\main\AndroidManifest.xml:117:9-120:52
137            android:name="com.ssl.smarttaskreminder.ui.task.AddTaskActivity"
137-->src\main\AndroidManifest.xml:118:13-52
138            android:exported="false"
138-->src\main\AndroidManifest.xml:119:13-37
139            android:screenOrientation="portrait" />
139-->src\main\AndroidManifest.xml:120:13-49
140        <activity
140-->src\main\AndroidManifest.xml:121:9-124:52
141            android:name="com.ssl.smarttaskreminder.ui.task.TaskDetailActivity"
141-->src\main\AndroidManifest.xml:122:13-55
142            android:exported="false"
142-->src\main\AndroidManifest.xml:123:13-37
143            android:screenOrientation="portrait" />
143-->src\main\AndroidManifest.xml:124:13-49
144
145        <!-- === FCM SERVICE === -->
146        <service
146-->src\main\AndroidManifest.xml:127:9-133:19
147            android:name="com.ssl.smarttaskreminder.notifications.FCMService"
147-->src\main\AndroidManifest.xml:128:13-53
148            android:exported="false" >
148-->src\main\AndroidManifest.xml:129:13-37
149            <intent-filter>
149-->src\main\AndroidManifest.xml:130:13-132:29
150                <action android:name="com.google.firebase.MESSAGING_EVENT" />
150-->src\main\AndroidManifest.xml:131:17-78
150-->src\main\AndroidManifest.xml:131:25-75
151            </intent-filter>
152        </service>
153
154        <!-- WorkManager initialization -->
155        <provider
156            android:name="androidx.startup.InitializationProvider"
156-->src\main\AndroidManifest.xml:137:13-67
157            android:authorities="com.ssl.smarttaskreminder.androidx-startup"
157-->src\main\AndroidManifest.xml:138:13-68
158            android:exported="false" >
158-->src\main\AndroidManifest.xml:139:13-37
159            <meta-data
159-->src\main\AndroidManifest.xml:141:13-143:52
160                android:name="androidx.work.WorkManagerInitializer"
160-->src\main\AndroidManifest.xml:142:17-68
161                android:value="androidx.startup" />
161-->src\main\AndroidManifest.xml:143:17-49
162            <meta-data
162-->[androidx.emoji2:emoji2:1.2.0] AndroidManifest.xml:29:13-31:52
163                android:name="androidx.emoji2.text.EmojiCompatInitializer"
163-->[androidx.emoji2:emoji2:1.2.0] AndroidManifest.xml:30:17-75
164                android:value="androidx.startup" />
164-->[androidx.emoji2:emoji2:1.2.0] AndroidManifest.xml:31:17-49
165            <meta-data
165-->[androidx.lifecycle:lifecycle-process:2.7.0] AndroidManifest.xml:29:13-31:52
166                android:name="androidx.lifecycle.ProcessLifecycleInitializer"
166-->[androidx.lifecycle:lifecycle-process:2.7.0] AndroidManifest.xml:30:17-78
167                android:value="androidx.startup" />
167-->[androidx.lifecycle:lifecycle-process:2.7.0] AndroidManifest.xml:31:17-49
168            <meta-data
168-->[androidx.profileinstaller:profileinstaller:1.3.0] AndroidManifest.xml:29:13-31:52
169                android:name="androidx.profileinstaller.ProfileInstallerInitializer"
169-->[androidx.profileinstaller:profileinstaller:1.3.0] AndroidManifest.xml:30:17-85
170                android:value="androidx.startup" />
170-->[androidx.profileinstaller:profileinstaller:1.3.0] AndroidManifest.xml:31:17-49
171        </provider>
172        <provider
173            android:name="androidx.core.content.FileProvider"
173-->src\main\AndroidManifest.xml:147:13-62
174            android:authorities="com.ssl.smarttaskreminder.fileprovider"
174-->src\main\AndroidManifest.xml:148:13-64
175            android:exported="false"
175-->src\main\AndroidManifest.xml:149:13-37
176            android:grantUriPermissions="true" >
176-->src\main\AndroidManifest.xml:150:13-47
177            <meta-data
177-->src\main\AndroidManifest.xml:151:13-153:54
178                android:name="android.support.FILE_PROVIDER_PATHS"
178-->src\main\AndroidManifest.xml:152:17-67
179                android:resource="@xml/file_paths" />
179-->src\main\AndroidManifest.xml:153:17-51
180        </provider>
181
182        <service
182-->[com.google.firebase:firebase-auth-ktx:22.3.1] AndroidManifest.xml:8:9-14:19
183            android:name="com.google.firebase.components.ComponentDiscoveryService"
183-->[com.google.firebase:firebase-auth-ktx:22.3.1] AndroidManifest.xml:9:13-84
184            android:directBootAware="true"
184-->[com.google.firebase:firebase-common:20.4.2] AndroidManifest.xml:32:13-43
185            android:exported="false" >
185-->[com.google.firebase:firebase-auth-ktx:22.3.1] AndroidManifest.xml:10:13-37
186            <meta-data
186-->[com.google.firebase:firebase-auth-ktx:22.3.1] AndroidManifest.xml:11:13-13:85
187                android:name="com.google.firebase.components:com.google.firebase.auth.ktx.FirebaseAuthLegacyRegistrar"
187-->[com.google.firebase:firebase-auth-ktx:22.3.1] AndroidManifest.xml:12:17-119
188                android:value="com.google.firebase.components.ComponentRegistrar" />
188-->[com.google.firebase:firebase-auth-ktx:22.3.1] AndroidManifest.xml:13:17-82
189            <meta-data
189-->[com.google.firebase:firebase-auth:22.3.1] AndroidManifest.xml:69:13-71:85
190                android:name="com.google.firebase.components:com.google.firebase.auth.FirebaseAuthRegistrar"
190-->[com.google.firebase:firebase-auth:22.3.1] AndroidManifest.xml:70:17-109
191                android:value="com.google.firebase.components.ComponentRegistrar" />
191-->[com.google.firebase:firebase-auth:22.3.1] AndroidManifest.xml:71:17-82
192            <meta-data
192-->[com.google.firebase:firebase-firestore-ktx:24.10.3] AndroidManifest.xml:12:13-14:85
193                android:name="com.google.firebase.components:com.google.firebase.firestore.ktx.FirebaseFirestoreLegacyRegistrar"
193-->[com.google.firebase:firebase-firestore-ktx:24.10.3] AndroidManifest.xml:13:17-129
194                android:value="com.google.firebase.components.ComponentRegistrar" />
194-->[com.google.firebase:firebase-firestore-ktx:24.10.3] AndroidManifest.xml:14:17-82
195            <meta-data
195-->[com.google.firebase:firebase-messaging-ktx:23.4.1] AndroidManifest.xml:26:13-28:85
196                android:name="com.google.firebase.components:com.google.firebase.messaging.ktx.FirebaseMessagingLegacyRegistrar"
196-->[com.google.firebase:firebase-messaging-ktx:23.4.1] AndroidManifest.xml:27:17-129
197                android:value="com.google.firebase.components.ComponentRegistrar" />
197-->[com.google.firebase:firebase-messaging-ktx:23.4.1] AndroidManifest.xml:28:17-82
198            <meta-data
198-->[com.google.firebase:firebase-firestore:24.10.3] AndroidManifest.xml:17:13-19:85
199                android:name="com.google.firebase.components:com.google.firebase.firestore.FirebaseFirestoreKtxRegistrar"
199-->[com.google.firebase:firebase-firestore:24.10.3] AndroidManifest.xml:18:17-122
200                android:value="com.google.firebase.components.ComponentRegistrar" />
200-->[com.google.firebase:firebase-firestore:24.10.3] AndroidManifest.xml:19:17-82
201            <meta-data
201-->[com.google.firebase:firebase-firestore:24.10.3] AndroidManifest.xml:20:13-22:85
202                android:name="com.google.firebase.components:com.google.firebase.firestore.FirestoreRegistrar"
202-->[com.google.firebase:firebase-firestore:24.10.3] AndroidManifest.xml:21:17-111
203                android:value="com.google.firebase.components.ComponentRegistrar" />
203-->[com.google.firebase:firebase-firestore:24.10.3] AndroidManifest.xml:22:17-82
204            <meta-data
204-->[com.google.firebase:firebase-messaging:23.4.1] AndroidManifest.xml:57:13-59:85
205                android:name="com.google.firebase.components:com.google.firebase.messaging.FirebaseMessagingKtxRegistrar"
205-->[com.google.firebase:firebase-messaging:23.4.1] AndroidManifest.xml:58:17-122
206                android:value="com.google.firebase.components.ComponentRegistrar" />
206-->[com.google.firebase:firebase-messaging:23.4.1] AndroidManifest.xml:59:17-82
207            <meta-data
207-->[com.google.firebase:firebase-messaging:23.4.1] AndroidManifest.xml:60:13-62:85
208                android:name="com.google.firebase.components:com.google.firebase.messaging.FirebaseMessagingRegistrar"
208-->[com.google.firebase:firebase-messaging:23.4.1] AndroidManifest.xml:61:17-119
209                android:value="com.google.firebase.components.ComponentRegistrar" />
209-->[com.google.firebase:firebase-messaging:23.4.1] AndroidManifest.xml:62:17-82
210            <meta-data
210-->[com.google.firebase:firebase-installations:17.2.0] AndroidManifest.xml:15:13-17:85
211                android:name="com.google.firebase.components:com.google.firebase.installations.FirebaseInstallationsKtxRegistrar"
211-->[com.google.firebase:firebase-installations:17.2.0] AndroidManifest.xml:16:17-130
212                android:value="com.google.firebase.components.ComponentRegistrar" />
212-->[com.google.firebase:firebase-installations:17.2.0] AndroidManifest.xml:17:17-82
213            <meta-data
213-->[com.google.firebase:firebase-installations:17.2.0] AndroidManifest.xml:18:13-20:85
214                android:name="com.google.firebase.components:com.google.firebase.installations.FirebaseInstallationsRegistrar"
214-->[com.google.firebase:firebase-installations:17.2.0] AndroidManifest.xml:19:17-127
215                android:value="com.google.firebase.components.ComponentRegistrar" />
215-->[com.google.firebase:firebase-installations:17.2.0] AndroidManifest.xml:20:17-82
216            <meta-data
216-->[com.google.firebase:firebase-common-ktx:20.4.2] AndroidManifest.xml:12:13-14:85
217                android:name="com.google.firebase.components:com.google.firebase.ktx.FirebaseCommonLegacyRegistrar"
217-->[com.google.firebase:firebase-common-ktx:20.4.2] AndroidManifest.xml:13:17-116
218                android:value="com.google.firebase.components.ComponentRegistrar" />
218-->[com.google.firebase:firebase-common-ktx:20.4.2] AndroidManifest.xml:14:17-82
219            <meta-data
219-->[com.google.firebase:firebase-common:20.4.2] AndroidManifest.xml:35:13-37:85
220                android:name="com.google.firebase.components:com.google.firebase.FirebaseCommonKtxRegistrar"
220-->[com.google.firebase:firebase-common:20.4.2] AndroidManifest.xml:36:17-109
221                android:value="com.google.firebase.components.ComponentRegistrar" />
221-->[com.google.firebase:firebase-common:20.4.2] AndroidManifest.xml:37:17-82
222            <meta-data
222-->[com.google.firebase:firebase-datatransport:18.1.7] AndroidManifest.xml:27:13-29:85
223                android:name="com.google.firebase.components:com.google.firebase.datatransport.TransportRegistrar"
223-->[com.google.firebase:firebase-datatransport:18.1.7] AndroidManifest.xml:28:17-115
224                android:value="com.google.firebase.components.ComponentRegistrar" />
224-->[com.google.firebase:firebase-datatransport:18.1.7] AndroidManifest.xml:29:17-82
225        </service>
226
227        <activity
227-->[com.google.firebase:firebase-auth:22.3.1] AndroidManifest.xml:29:9-46:20
228            android:name="com.google.firebase.auth.internal.GenericIdpActivity"
228-->[com.google.firebase:firebase-auth:22.3.1] AndroidManifest.xml:30:13-80
229            android:excludeFromRecents="true"
229-->[com.google.firebase:firebase-auth:22.3.1] AndroidManifest.xml:31:13-46
230            android:exported="true"
230-->[com.google.firebase:firebase-auth:22.3.1] AndroidManifest.xml:32:13-36
231            android:launchMode="singleTask"
231-->[com.google.firebase:firebase-auth:22.3.1] AndroidManifest.xml:33:13-44
232            android:theme="@android:style/Theme.Translucent.NoTitleBar" >
232-->[com.google.firebase:firebase-auth:22.3.1] AndroidManifest.xml:34:13-72
233            <intent-filter>
233-->[com.google.firebase:firebase-auth:22.3.1] AndroidManifest.xml:35:13-45:29
234                <action android:name="android.intent.action.VIEW" />
234-->[com.google.firebase:firebase-auth:22.3.1] AndroidManifest.xml:36:17-69
234-->[com.google.firebase:firebase-auth:22.3.1] AndroidManifest.xml:36:25-66
235
236                <category android:name="android.intent.category.DEFAULT" />
236-->[com.google.firebase:firebase-auth:22.3.1] AndroidManifest.xml:38:17-76
236-->[com.google.firebase:firebase-auth:22.3.1] AndroidManifest.xml:38:27-73
237                <category android:name="android.intent.category.BROWSABLE" />
237-->[com.google.firebase:firebase-auth:22.3.1] AndroidManifest.xml:39:17-78
237-->[com.google.firebase:firebase-auth:22.3.1] AndroidManifest.xml:39:27-75
238
239                <data
239-->[com.google.firebase:firebase-auth:22.3.1] AndroidManifest.xml:41:17-44:51
240                    android:host="firebase.auth"
240-->[com.google.firebase:firebase-auth:22.3.1] AndroidManifest.xml:42:21-49
241                    android:path="/"
241-->[com.google.firebase:firebase-auth:22.3.1] AndroidManifest.xml:43:21-37
242                    android:scheme="genericidp" />
242-->[com.google.firebase:firebase-auth:22.3.1] AndroidManifest.xml:44:21-48
243            </intent-filter>
244        </activity>
245        <activity
245-->[com.google.firebase:firebase-auth:22.3.1] AndroidManifest.xml:47:9-64:20
246            android:name="com.google.firebase.auth.internal.RecaptchaActivity"
246-->[com.google.firebase:firebase-auth:22.3.1] AndroidManifest.xml:48:13-79
247            android:excludeFromRecents="true"
247-->[com.google.firebase:firebase-auth:22.3.1] AndroidManifest.xml:49:13-46
248            android:exported="true"
248-->[com.google.firebase:firebase-auth:22.3.1] AndroidManifest.xml:50:13-36
249            android:launchMode="singleTask"
249-->[com.google.firebase:firebase-auth:22.3.1] AndroidManifest.xml:51:13-44
250            android:theme="@android:style/Theme.Translucent.NoTitleBar" >
250-->[com.google.firebase:firebase-auth:22.3.1] AndroidManifest.xml:52:13-72
251            <intent-filter>
251-->[com.google.firebase:firebase-auth:22.3.1] AndroidManifest.xml:53:13-63:29
252                <action android:name="android.intent.action.VIEW" />
252-->[com.google.firebase:firebase-auth:22.3.1] AndroidManifest.xml:36:17-69
252-->[com.google.firebase:firebase-auth:22.3.1] AndroidManifest.xml:36:25-66
253
254                <category android:name="android.intent.category.DEFAULT" />
254-->[com.google.firebase:firebase-auth:22.3.1] AndroidManifest.xml:38:17-76
254-->[com.google.firebase:firebase-auth:22.3.1] AndroidManifest.xml:38:27-73
255                <category android:name="android.intent.category.BROWSABLE" />
255-->[com.google.firebase:firebase-auth:22.3.1] AndroidManifest.xml:39:17-78
255-->[com.google.firebase:firebase-auth:22.3.1] AndroidManifest.xml:39:27-75
256
257                <data
257-->[com.google.firebase:firebase-auth:22.3.1] AndroidManifest.xml:41:17-44:51
258                    android:host="firebase.auth"
258-->[com.google.firebase:firebase-auth:22.3.1] AndroidManifest.xml:42:21-49
259                    android:path="/"
259-->[com.google.firebase:firebase-auth:22.3.1] AndroidManifest.xml:43:21-37
260                    android:scheme="recaptcha" />
260-->[com.google.firebase:firebase-auth:22.3.1] AndroidManifest.xml:44:21-48
261            </intent-filter>
262        </activity>
263
264        <receiver
264-->[com.google.firebase:firebase-messaging:23.4.1] AndroidManifest.xml:29:9-40:20
265            android:name="com.google.firebase.iid.FirebaseInstanceIdReceiver"
265-->[com.google.firebase:firebase-messaging:23.4.1] AndroidManifest.xml:30:13-78
266            android:exported="true"
266-->[com.google.firebase:firebase-messaging:23.4.1] AndroidManifest.xml:31:13-36
267            android:permission="com.google.android.c2dm.permission.SEND" >
267-->[com.google.firebase:firebase-messaging:23.4.1] AndroidManifest.xml:32:13-73
268            <intent-filter>
268-->[com.google.firebase:firebase-messaging:23.4.1] AndroidManifest.xml:33:13-35:29
269                <action android:name="com.google.android.c2dm.intent.RECEIVE" />
269-->[com.google.firebase:firebase-messaging:23.4.1] AndroidManifest.xml:34:17-81
269-->[com.google.firebase:firebase-messaging:23.4.1] AndroidManifest.xml:34:25-78
270            </intent-filter>
271
272            <meta-data
272-->[com.google.firebase:firebase-messaging:23.4.1] AndroidManifest.xml:37:13-39:40
273                android:name="com.google.android.gms.cloudmessaging.FINISHED_AFTER_HANDLED"
273-->[com.google.firebase:firebase-messaging:23.4.1] AndroidManifest.xml:38:17-92
274                android:value="true" />
274-->[com.google.firebase:firebase-messaging:23.4.1] AndroidManifest.xml:39:17-37
275        </receiver>
276        <!--
277             FirebaseMessagingService performs security checks at runtime,
278             but set to not exported to explicitly avoid allowing another app to call it.
279        -->
280        <service
280-->[com.google.firebase:firebase-messaging:23.4.1] AndroidManifest.xml:46:9-53:19
281            android:name="com.google.firebase.messaging.FirebaseMessagingService"
281-->[com.google.firebase:firebase-messaging:23.4.1] AndroidManifest.xml:47:13-82
282            android:directBootAware="true"
282-->[com.google.firebase:firebase-messaging:23.4.1] AndroidManifest.xml:48:13-43
283            android:exported="false" >
283-->[com.google.firebase:firebase-messaging:23.4.1] AndroidManifest.xml:49:13-37
284            <intent-filter android:priority="-500" >
284-->src\main\AndroidManifest.xml:130:13-132:29
285                <action android:name="com.google.firebase.MESSAGING_EVENT" />
285-->src\main\AndroidManifest.xml:131:17-78
285-->src\main\AndroidManifest.xml:131:25-75
286            </intent-filter>
287        </service>
288
289        <provider
289-->[com.google.firebase:firebase-common:20.4.2] AndroidManifest.xml:23:9-28:39
290            android:name="com.google.firebase.provider.FirebaseInitProvider"
290-->[com.google.firebase:firebase-common:20.4.2] AndroidManifest.xml:24:13-77
291            android:authorities="com.ssl.smarttaskreminder.firebaseinitprovider"